Library/Bee/Android/Prj/IL2CPP/Gradle/launcher/build/intermediates/manifest_merge_blame_file/release/manifest-merger-blame-release-report.txt
1<?xml version="1.0" encoding="utf-8"?>
2<manifest xmlns:android="http://schemas.android.com/apk/res/android"
3    package="com.Elon.Test2"
4    android:installLocation="preferExternal"
5    android:versionCode="1"
6    android:versionName="0.1" >
7
8    <uses-sdk
9        android:minSdkVersion="31"
9-->src\main\AndroidManifest.xml
10        android:targetSdkVersion="31" />
10-->src\main\AndroidManifest.xml
11
12    <supports-screens
12-->src\main\AndroidManifest.xml:3:3-163
13        android:anyDensity="true"
13-->src\main\AndroidManifest.xml:3:135-160
14        android:largeScreens="true"
14-->src\main\AndroidManifest.xml:3:78-105
15        android:normalScreens="true"
15-->src\main\AndroidManifest.xml:3:49-77
16        android:smallScreens="true"
16-->src\main\AndroidManifest.xml:3:21-48
17        android:xlargeScreens="true" />
17-->src\main\AndroidManifest.xml:3:106-134
18
19    <uses-feature
19-->[:unityLibrary] AndroidManifest.xml:12:5-54
20        android:glEsVersion="0x00030000"
20-->[:unityLibrary] AndroidManifest.xml:12:19-51
21        android:required="true" />
21-->[:sdk:] AndroidManifest.xml:15:9-32
22
23    <uses-permission android:name="android.permission.INTERNET" />
23-->[:unityLibrary] AndroidManifest.xml:14:5-67
23-->[:unityLibrary] AndroidManifest.xml:14:22-64
24
25    <uses-feature
25-->[:unityLibrary] AndroidManifest.xml:16:5-18:36
26        android:name="android.hardware.touchscreen"
26-->[:unityLibrary] AndroidManifest.xml:17:9-52
27        android:required="false" />
27-->[:unityLibrary] AndroidManifest.xml:18:9-33
28    <uses-feature
28-->[:unityLibrary] AndroidManifest.xml:19:5-21:36
29        android:name="android.hardware.touchscreen.multitouch"
29-->[:unityLibrary] AndroidManifest.xml:20:9-63
30        android:required="false" />
30-->[:unityLibrary] AndroidManifest.xml:21:9-33
31    <uses-feature
31-->[:unityLibrary] AndroidManifest.xml:22:5-24:36
32        android:name="android.hardware.touchscreen.multitouch.distinct"
32-->[:unityLibrary] AndroidManifest.xml:23:9-72
33        android:required="false" />
33-->[:unityLibrary] AndroidManifest.xml:24:9-33
34
35    <uses-permission android:name="android.permission.CAMERA" />
35-->[:sdk:] AndroidManifest.xml:17:5-65
35-->[:sdk:] AndroidManifest.xml:17:22-62
36    <uses-permission android:name="android.permission.WRITE_EXTERNAL_STORAGE" />
36-->[:sdk:] AndroidManifest.xml:18:5-81
36-->[:sdk:] AndroidManifest.xml:18:22-78
37    <uses-permission android:name="android.permission.NFC" />
37-->[:sdk:] AndroidManifest.xml:20:5-62
37-->[:sdk:] AndroidManifest.xml:20:22-59
38    <uses-permission android:name="android.permission.READ_EXTERNAL_STORAGE" />
39
40    <application
40-->src\main\AndroidManifest.xml:4:3-83
41        android:appComponentFactory="androidx.core.app.CoreComponentFactory"
41-->[androidx.core:core:1.5.0] AndroidManifest.xml:24:18-86
42        android:extractNativeLibs="true"
42-->[:unityLibrary] AndroidManifest.xml:27:9-41
43        android:icon="@mipmap/app_icon"
43-->src\main\AndroidManifest.xml:4:49-80
44        android:label="@string/app_name"
44-->src\main\AndroidManifest.xml:4:16-48
45        android:requestLegacyExternalStorage="true" >
45-->[:unityLibrary] AndroidManifest.xml:28:9-52
46        <activity
46-->[:unityLibrary] AndroidManifest.xml:29:9-50:20
47            android:name="com.unity3d.player.UnityPlayerActivity"
47-->[:unityLibrary] AndroidManifest.xml:30:13-66
48            android:configChanges="mcc|mnc|locale|touchscreen|keyboard|keyboardHidden|navigation|orientation|screenLayout|uiMode|screenSize|smallestScreenSize|fontScale|layoutDirection|density"
48-->[:unityLibrary] AndroidManifest.xml:31:13-194
49            android:exported="true"
49-->[:unityLibrary] AndroidManifest.xml:32:13-36
50            android:hardwareAccelerated="false"
50-->[:unityLibrary] AndroidManifest.xml:33:13-48
51            android:launchMode="singleTask"
51-->[:unityLibrary] AndroidManifest.xml:34:13-44
52            android:resizeableActivity="false"
52-->[:unityLibrary] AndroidManifest.xml:35:13-47
53            android:screenOrientation="sensorLandscape"
53-->[:unityLibrary] AndroidManifest.xml:36:13-56
54            android:theme="@style/UnityThemeSelector" >
54-->[:unityLibrary] AndroidManifest.xml:37:13-54
55            <intent-filter>
55-->[:unityLibrary] AndroidManifest.xml:38:13-42:29
56                <action android:name="android.intent.action.MAIN" />
56-->[:unityLibrary] AndroidManifest.xml:39:17-69
56-->[:unityLibrary] AndroidManifest.xml:39:25-66
57
58                <category android:name="android.intent.category.LAUNCHER" />
58-->[:unityLibrary] AndroidManifest.xml:41:17-77
58-->[:unityLibrary] AndroidManifest.xml:41:27-74
59            </intent-filter>
60
61            <meta-data
61-->[:unityLibrary] AndroidManifest.xml:44:13-46:40
62                android:name="unityplayer.UnityActivity"
62-->[:unityLibrary] AndroidManifest.xml:45:17-57
63                android:value="true" />
63-->[:unityLibrary] AndroidManifest.xml:46:17-37
64            <meta-data
64-->[:unityLibrary] AndroidManifest.xml:47:13-49:40
65                android:name="android.notch_support"
65-->[:unityLibrary] AndroidManifest.xml:48:17-53
66                android:value="true" />
66-->[:unityLibrary] AndroidManifest.xml:49:17-37
67        </activity>
68
69        <meta-data
69-->[:unityLibrary] AndroidManifest.xml:52:9-54:33
70            android:name="unity.splash-mode"
70-->[:unityLibrary] AndroidManifest.xml:53:13-45
71            android:value="0" />
71-->[:unityLibrary] AndroidManifest.xml:54:13-30
72        <meta-data
72-->[:unityLibrary] AndroidManifest.xml:55:9-57:36
73            android:name="unity.splash-enable"
73-->[:unityLibrary] AndroidManifest.xml:56:13-47
74            android:value="True" />
74-->[:unityLibrary] AndroidManifest.xml:57:13-33
75        <meta-data
75-->[:unityLibrary] AndroidManifest.xml:58:9-60:36
76            android:name="unity.launch-fullscreen"
76-->[:unityLibrary] AndroidManifest.xml:59:13-51
77            android:value="True" />
77-->[:unityLibrary] AndroidManifest.xml:60:13-33
78        <meta-data
78-->[:unityLibrary] AndroidManifest.xml:61:9-63:37
79            android:name="unity.allow-resizable-window"
79-->[:unityLibrary] AndroidManifest.xml:62:13-56
80            android:value="False" />
80-->[:unityLibrary] AndroidManifest.xml:63:13-34
81        <meta-data
81-->[:unityLibrary] AndroidManifest.xml:64:9-66:50
82            android:name="notch.config"
82-->[:unityLibrary] AndroidManifest.xml:65:13-40
83            android:value="portrait|landscape" />
83-->[:unityLibrary] AndroidManifest.xml:66:13-47
84
85        <activity
85-->[:sdk:] AndroidManifest.xml:23:9-27:66
86            android:name="com.google.cardboard.sdk.QrCodeCaptureActivity"
86-->[:sdk:] AndroidManifest.xml:24:13-74
87            android:exported="false"
87-->[:sdk:] AndroidManifest.xml:25:13-37
88            android:label="@string/title_activity_qr_code_capture"
88-->[:sdk:] AndroidManifest.xml:26:13-67
89            android:theme="@style/Theme.AppCompat.NoActionBar" />
89-->[:sdk:] AndroidManifest.xml:27:13-63
90        <!--
91          Activity whose sole purpose is to update Cardboard device params when a Cardboard V1
92          NFC tag is detected.
93        -->
94        <activity
94-->[:sdk:] AndroidManifest.xml:33:9-46:20
95            android:name="com.google.cardboard.sdk.HeadsetDetectionActivity"
95-->[:sdk:] AndroidManifest.xml:34:13-77
96            android:exported="true"
96-->[:sdk:] AndroidManifest.xml:35:13-36
97            android:label="@string/headset_detection_activity_title" >
97-->[:sdk:] AndroidManifest.xml:36:13-69
98
99            <!-- Handles the Cardboard V1 NFC tag released at Google I/O 2014. -->
100            <intent-filter>
100-->[:sdk:] AndroidManifest.xml:39:13-45:29
101                <action android:name="android.nfc.action.NDEF_DISCOVERED" />
101-->[:sdk:] AndroidManifest.xml:40:17-77
101-->[:sdk:] AndroidManifest.xml:40:25-74
102
103                <category android:name="android.intent.category.DEFAULT" />
103-->[:sdk:] AndroidManifest.xml:42:17-76
103-->[:sdk:] AndroidManifest.xml:42:27-73
104
105                <data android:scheme="cardboard" />
105-->[:sdk:] AndroidManifest.xml:44:17-52
105-->[:sdk:] AndroidManifest.xml:44:23-49
106            </intent-filter>
107        </activity>
108        <activity
108-->[com.google.android.gms:play-services-base:17.4.0] AndroidManifest.xml:23:9-26:75
109            android:name="com.google.android.gms.common.api.GoogleApiActivity"
109-->[com.google.android.gms:play-services-base:17.4.0] AndroidManifest.xml:24:13-79
110            android:exported="false"
110-->[com.google.android.gms:play-services-base:17.4.0] AndroidManifest.xml:25:13-37
111            android:theme="@android:style/Theme.Translucent.NoTitleBar" />
111-->[com.google.android.gms:play-services-base:17.4.0] AndroidManifest.xml:26:13-72
112
113        <meta-data
113-->[com.google.android.gms:play-services-basement:17.4.0] AndroidManifest.xml:23:9-25:69
114            android:name="com.google.android.gms.version"
114-->[com.google.android.gms:play-services-basement:17.4.0] AndroidManifest.xml:24:13-58
115            android:value="@integer/google_play_services_version" />
115-->[com.google.android.gms:play-services-basement:17.4.0] AndroidManifest.xml:25:13-66
116    </application>
117
118</manifest>